[23:03:55] [ServerMain/INFO]: [bootstrap] Running Java 21 (OpenJDK 64-Bit Server VM 21.0.6+7-Ubuntu-120.04.1; Ubuntu null) on Linux 6.5.0-1025-azure (amd64)
[23:03:55] [ServerMain/INFO]: [bootstrap] Loading Paper 1.21.1-57-master@b483da4 (2024-09-01T18:09:05Z) for Minecraft 1.21.1
[23:03:55] [ServerMain/INFO]: [PluginInitializerManager] Initializing plugins...
[23:03:56] [ServerMain/INFO]: [PluginInitializerManager] Initialized 3 plugins
[23:03:56] [ServerMain/INFO]: [PluginInitializerManager] Bukkit plugins (3):
 - Geyser-Spigot (2.6.1-SNAPSHOT), ViaVersion (5.2.1), floodgate (2.2.4-SNAPSHOT (b115-2deccf3))
[23:04:00] [ServerMain/INFO]: Environment: Environment[sessionHost=https://sessionserver.mojang.com, servicesHost=https://api.minecraftservices.com, name=PROD]
[23:04:02] [ServerMain/INFO]: Loaded 1290 recipes
[23:04:02] [ServerMain/INFO]: Loaded 1399 advancements
[23:04:03] [Server thread/INFO]: Starting minecraft server version 1.21.1
[23:04:03] [Server thread/INFO]: Loading properties
[23:04:03] [Server thread/INFO]: This server is running Paper version 1.21.1-57-master@b483da4 (2024-09-01T18:09:05Z) (Implementing API version 1.21.1-R0.1-SNAPSHOT)
[23:04:04] [Server thread/INFO]: [spark] This server bundles the spark profiler. For more information please visit https://docs.papermc.io/paper/profiling
[23:04:04] [Server thread/INFO]: Server Ping Player Sample Count: 12
[23:04:04] [Server thread/INFO]: Using 4 threads for Netty based IO
[23:04:04] [Server thread/INFO]: [ChunkTaskScheduler] Chunk system is using 1 I/O threads, 1 worker threads, and population gen parallelism of 1 threads
[23:04:05] [Server thread/INFO]: Default game type: SURVIVAL
[23:04:05] [Server thread/INFO]: Generating keypair
[23:04:05] [Server thread/INFO]: Starting Minecraft server on *:25565
[23:04:05] [Server thread/INFO]: Using epoll channel type
[23:04:05] [Server thread/INFO]: Paper: Using libdeflate (Linux x86_64) compression from Velocity.
[23:04:05] [Server thread/INFO]: Paper: Using OpenSSL 1.1.x (Linux x86_64) cipher from Velocity.
[23:04:06] [Server thread/INFO]: [floodgate] Loading server plugin floodgate v2.2.4-SNAPSHOT (b115-2deccf3)
[23:04:08] [Server thread/WARN]: [floodgate] en_ is not a supported Floodgate language.
[23:04:08] [Server thread/INFO]: [floodgate] Took 1,760ms to boot Floodgate
[23:04:08] [Server thread/INFO]: [ViaVersion] Loading server plugin ViaVersion v5.2.1
[23:04:08] [Server thread/INFO]: [ViaVersion] ViaVersion 5.2.1 is now loaded. Registering protocol transformers and injecting...
[23:04:09] [Via-Mappingloader-0/INFO]: [ViaVersion] Loading block connection mappings ...
[23:04:09] [Via-Mappingloader-0/INFO]: [ViaVersion] Using FastUtil Long2ObjectOpenHashMap for block connections
[23:04:10] [Server thread/INFO]: [Geyser-Spigot] Loading server plugin Geyser-Spigot v2.6.1-SNAPSHOT
[23:04:12] [Server thread/INFO]: [Geyser-Spigot] Loading extensions...
[23:04:12] [Server thread/INFO]: [Geyser-Spigot] Loaded 0 extension(s)
[23:04:12] [Server thread/INFO]: Server permissions file permissions.yml is empty, ignoring it
[23:04:12] [Server thread/WARN]: **** SERVER IS RUNNING IN OFFLINE/INSECURE MODE!
[23:04:12] [Server thread/WARN]: The server will make no attempt to authenticate usernames. Beware.
[23:04:12] [Server thread/WARN]: While this makes the game possible to play without internet access, it also opens up the ability for hackers to connect with any username they choose.
[23:04:12] [Server thread/WARN]: To change this, set "online-mode" to "true" in the server.properties file.
[23:04:12] [Server thread/INFO]: Preparing level "world"
[23:04:12] [Server thread/INFO]: Preparing start region for dimension minecraft:overworld
[23:04:13] [Server thread/INFO]: Time elapsed: 989 ms
[23:04:13] [Server thread/INFO]: Preparing start region for dimension minecraft:the_nether
[23:04:14] [Server thread/INFO]: Time elapsed: 188 ms
[23:04:14] [Server thread/INFO]: Preparing start region for dimension minecraft:the_end
[23:04:14] [Server thread/INFO]: Time elapsed: 96 ms
[23:04:14] [Server thread/INFO]: [floodgate] Enabling floodgate v2.2.4-SNAPSHOT (b115-2deccf3)
[23:04:15] [Server thread/INFO]: [ViaVersion] Enabling ViaVersion v5.2.1
[23:04:15] [Server thread/INFO]: [ViaVersion] ViaVersion detected server version: 1.21-1.21.1 (767)
[23:04:15] [Server thread/INFO]: [Geyser-Spigot] Enabling Geyser-Spigot v2.6.1-SNAPSHOT
[23:04:16] [Server thread/INFO]: [spark] Starting background profiler...
[23:04:16] [Server thread/INFO]: [Geyser-Spigot] ******************************************
[23:04:16] [Server thread/INFO]: [Geyser-Spigot] 
[23:04:16] [Server thread/INFO]: [Geyser-Spigot] Loading Geyser version 2.6.1-b762 (git-master-d5b5712)
[23:04:16] [Server thread/INFO]: [Geyser-Spigot] 
[23:04:16] [Server thread/INFO]: [Geyser-Spigot] ******************************************
[23:04:24] [epollEventLoopGroup-3-1/INFO]: [Geyser-Spigot] Started Geyser on UDP port 4033
[23:04:24] [Server thread/INFO]: [Geyser-Spigot] Done (8.108s)! Run /geyser help for help!
[23:04:24] [Server thread/INFO]: Done preparing level "world" (12.242s)
[23:04:24] [Server thread/INFO]: Running delayed init tasks
[23:04:24] [Server thread/INFO]: Done (29.950s)! For help, type "help"
[23:04:24] [Server thread/INFO]: Timings Reset
[23:04:24] [Craft Scheduler Thread - 2 - ViaVersion/INFO]: [ViaVersion] Finished mapping loading, shutting down loader executor.
[23:04:43] [User Authenticator #0/INFO]: UUID of player Betoven is 619cac40-0856-313e-abeb-83b7771066f5
[23:04:47] [epollEventLoopGroup-4-1/INFO]: [Geyser-Spigot] Player connected with username Sigmagiga4
[23:04:47] [localSession-7-2/INFO]: [Geyser-Spigot] Sigmagiga4 (logged in as: Sigmagiga4) has connected to the Java server
[23:04:47] [Server thread/INFO]: [floodgate] Floodgate player logged in as .Sigmagiga4 joined (UUID: 00000000-0000-0000-0009-01fb654cf42b)
[23:04:48] [Server thread/INFO]: .Sigmagiga4 joined the game
[23:04:48] [Server thread/INFO]: .Sigmagiga4[/127.0.0.1:0] logged in with entity id 64 at ([world]196.16417, 90.0, -85.607735)
[23:04:48] [Server thread/INFO]: Betoven joined the game
[23:04:48] [Server thread/INFO]: Betoven[/127.255.16.190:53087] logged in with entity id 63 at ([world]122.5, 77.0, -39.5)
[23:05:07] [Server thread/INFO]: Betoven lost connection: Disconnected
[23:05:07] [Server thread/INFO]: Betoven left the game
[23:06:24] [User Authenticator #1/INFO]: UUID of player Papugrasatoilet is 61c49fa5-ee95-3f42-9773-27e3b53ed4e3
[23:06:28] [Server thread/INFO]: Papugrasatoilet joined the game
[23:06:28] [Server thread/INFO]: Papugrasatoilet[/127.255.16.190:50611] logged in with entity id 466 at ([world]148.7093516270556, 4.0, -45.687805352522716)
[23:07:23] [Server thread/INFO]: Papugrasatoilet lost connection: Disconnected
[23:07:23] [Server thread/INFO]: Papugrasatoilet left the game
[23:08:28] [User Authenticator #2/INFO]: UUID of player Betoven is 619cac40-0856-313e-abeb-83b7771066f5
[23:08:32] [Server thread/INFO]: Betoven joined the game
[23:08:32] [Server thread/INFO]: Betoven[/127.255.16.190:60439] logged in with entity id 754 at ([world]125.69999998807907, 76.0, -40.4680972337477)
[23:09:49] [Server thread/INFO]: Teleported Betoven to .Sigmagiga4
[23:10:56] [Server thread/INFO]: .Sigmagiga4 was slain by Zombie
[23:11:08] [Server thread/INFO]: Betoven has made the advancement [Monster Hunter]
[23:11:31] [Server thread/INFO]: Set .Sigmagiga4's game mode to Survival Mode
[23:11:58] [Server thread/INFO]: Betoven has made the advancement [Getting an Upgrade]
[23:12:06] [localSession-7-2/INFO]: [Geyser-Spigot] Sigmagiga4 has disconnected from the Java server because of Bedrock client timed out
[23:12:06] [Geyser Spigot connection thread-6-3/INFO]: [floodgate] Floodgate player logged in as .Sigmagiga4 disconnected
[23:12:06] [Server thread/INFO]: .Sigmagiga4 lost connection: Disconnected
[23:12:06] [Server thread/INFO]: .Sigmagiga4 left the game
[23:12:09] [Server thread/INFO]: Betoven has made the advancement [Stone Age]
[23:13:11] [Server thread/INFO]: Betoven lost connection: Disconnected
[23:13:11] [Server thread/INFO]: Betoven left the game
[23:13:21] [Server thread/INFO]: Made Betoven a server operator
[23:13:26] [epollEventLoopGroup-4-2/INFO]: [Geyser-Spigot] Player connected with username Sigmagiga4
[23:13:26] [localSession-7-3/INFO]: [Geyser-Spigot] Sigmagiga4 (logged in as: Sigmagiga4) has connected to the Java server
[23:13:27] [Server thread/INFO]: [floodgate] Floodgate player logged in as .Sigmagiga4 joined (UUID: 00000000-0000-0000-0009-01fb654cf42b)
[23:13:27] [Server thread/INFO]: .Sigmagiga4 joined the game
[23:13:27] [Server thread/INFO]: .Sigmagiga4[/127.0.0.1:0] logged in with entity id 1357 at ([world]148.66751, 95.0, 57.28487)
[23:13:29] [User Authenticator #3/INFO]: UUID of player Betoven is 619cac40-0856-313e-abeb-83b7771066f5
[23:13:31] [Server thread/INFO]: Betoven joined the game
[23:13:31] [Server thread/INFO]: Betoven[/127.255.16.190:42339] logged in with entity id 1394 at ([world]128.69999998807907, 73.0, -42.30000001192093)
[23:13:42] [Server thread/INFO]: Betoven issued server command: /effect give Betoven minecraft:instant_health
[23:13:42] [Server thread/INFO]: [Betoven: Applied effect Instant Health to Betoven]
[23:13:49] [Server thread/INFO]: Betoven issued server command: /tp .Sigmagiga4
[23:13:49] [Server thread/INFO]: [Betoven: Teleported Betoven to .Sigmagiga4]
[23:14:06] [localSession-7-3/INFO]: [Geyser-Spigot] Sigmagiga4 has disconnected from the Java server because of Bedrock client timed out
[23:14:06] [Geyser Spigot connection thread-6-4/INFO]: [floodgate] Floodgate player logged in as .Sigmagiga4 disconnected
[23:14:07] [Server thread/INFO]: .Sigmagiga4 lost connection: Disconnected
[23:14:07] [Server thread/INFO]: .Sigmagiga4 left the game
[23:14:34] [Server thread/INFO]: Betoven issued server command: /time set day
[23:14:34] [Server thread/INFO]: [Betoven: Set the time to 1000]
[23:14:40] [epollEventLoopGroup-4-3/INFO]: [Geyser-Spigot] Player connected with username Sigmagiga4
[23:14:40] [localSession-7-4/INFO]: [Geyser-Spigot] Sigmagiga4 (logged in as: Sigmagiga4) has connected to the Java server
[23:14:41] [Server thread/INFO]: [floodgate] Floodgate player logged in as .Sigmagiga4 joined (UUID: 00000000-0000-0000-0009-01fb654cf42b)
[23:14:41] [Server thread/INFO]: .Sigmagiga4 joined the game
[23:14:41] [Server thread/INFO]: .Sigmagiga4[/127.0.0.1:0] logged in with entity id 1578 at ([world]148.17119, 95.0, 57.003593)
[23:16:08] [localSession-7-4/INFO]: [Geyser-Spigot] Sigmagiga4 has disconnected from the Java server because of Bedrock client timed out
[23:16:08] [Geyser Spigot connection thread-6-1/INFO]: [floodgate] Floodgate player logged in as .Sigmagiga4 disconnected
[23:16:08] [Server thread/INFO]: .Sigmagiga4 lost connection: Disconnected
[23:16:08] [Server thread/INFO]: .Sigmagiga4 left the game
[23:17:20] [Server thread/INFO]: Betoven lost connection: Disconnected
[23:17:20] [Server thread/INFO]: Betoven left the game
[23:18:42] [epollEventLoopGroup-4-1/INFO]: [Geyser-Spigot] Player connected with username Sigmagiga4
[23:18:42] [localSession-7-1/INFO]: [Geyser-Spigot] Sigmagiga4 (logged in as: Sigmagiga4) has connected to the Java server
[23:18:42] [Server thread/INFO]: [floodgate] Floodgate player logged in as .Sigmagiga4 joined (UUID: 00000000-0000-0000-0009-01fb654cf42b)
[23:18:42] [Server thread/INFO]: .Sigmagiga4 joined the game
[23:18:42] [Server thread/INFO]: .Sigmagiga4[/127.0.0.1:0] logged in with entity id 1842 at ([world]152.01837, 96.0, 56.248528)
[23:18:58] [User Authenticator #4/INFO]: UUID of player Betoven is 619cac40-0856-313e-abeb-83b7771066f5
[23:19:00] [Server thread/INFO]: Betoven joined the game
[23:19:00] [Server thread/INFO]: Betoven[/127.255.16.190:35195] logged in with entity id 1885 at ([world]162.32798761200883, 97.0, 70.93622276691502)
[23:19:13] [Server thread/WARN]: .Sigmagiga4 moved too quickly! 7.326859999999982,0.0,7.061022000000001
[23:19:37] [Server thread/INFO]: Betoven fell from a high place
[23:20:32] [Server thread/INFO]: Betoven issued server command: /gamemode survival
[23:20:32] [Server thread/INFO]: [Betoven: Set own game mode to Survival Mode]
[23:20:42] [Server thread/INFO]: Betoven issued server command: /deop Betoven
[23:20:42] [Server thread/INFO]: [Betoven: Made Betoven no longer a server operator]
[23:23:16] [Server thread/WARN]: .Sigmagiga4 moved too quickly! 10.272269999999992,1.252200000000002,8.864289999999997
[23:23:16] [Server thread/WARN]: .Sigmagiga4 moved too quickly! 10.073169999999976,1.2491799999999955,8.671043999999995
[23:23:16] [Server thread/WARN]: .Sigmagiga4 moved too quickly! 10.073169999999976,1.2491799999999955,8.671043999999995
[23:23:16] [Server thread/WARN]: .Sigmagiga4 moved too quickly! 10.073169999999976,1.2491799999999955,8.671043999999995
[23:23:16] [Server thread/WARN]: .Sigmagiga4 moved too quickly! 10.073169999999976,1.2491799999999955,8.671043999999995
[23:23:16] [Server thread/WARN]: .Sigmagiga4 moved too quickly! 10.073169999999976,1.2491799999999955,8.671043999999995
[23:23:16] [Server thread/WARN]: .Sigmagiga4 moved too quickly! 10.073169999999976,1.2491799999999955,8.671043999999995
[23:23:16] [Server thread/WARN]: .Sigmagiga4 moved too quickly! 10.073169999999976,1.2491799999999955,8.671043999999995
[23:23:16] [Server thread/WARN]: .Sigmagiga4 moved too quickly! 10.073169999999976,1.2491799999999955,8.671043999999995
[23:23:16] [Server thread/WARN]: .Sigmagiga4 moved too quickly! 10.073169999999976,1.2491799999999955,8.671043999999995
[23:23:16] [Server thread/WARN]: .Sigmagiga4 moved too quickly! 10.073169999999976,1.2491799999999955,8.671043999999995
[23:23:16] [Server thread/WARN]: .Sigmagiga4 moved too quickly! 10.073169999999976,1.2491799999999955,8.671043999999995
[23:23:16] [Server thread/WARN]: .Sigmagiga4 moved too quickly! 10.073169999999976,1.2491799999999955,8.671043999999995
[23:23:16] [Server thread/WARN]: .Sigmagiga4 moved too quickly! 10.073169999999976,1.2491799999999955,8.671043999999995
[23:23:16] [Server thread/WARN]: .Sigmagiga4 moved too quickly! 10.073169999999976,1.2491799999999955,8.671043999999995
[23:23:16] [Server thread/WARN]: .Sigmagiga4 moved too quickly! 10.073169999999976,1.2491799999999955,8.671043999999995
[23:23:16] [Server thread/WARN]: .Sigmagiga4 moved too quickly! 10.073169999999976,1.2491799999999955,8.671043999999995
[23:23:16] [Server thread/WARN]: .Sigmagiga4 moved too quickly! 10.073169999999976,1.2491799999999955,8.671043999999995
[23:23:16] [Server thread/WARN]: .Sigmagiga4 moved too quickly! 10.073169999999976,1.2491799999999955,8.671043999999995
[23:23:16] [Server thread/WARN]: .Sigmagiga4 moved too quickly! 10.073169999999976,1.2491799999999955,8.671043999999995
[23:23:16] [Server thread/WARN]: .Sigmagiga4 moved too quickly! 10.073169999999976,1.2491799999999955,8.671043999999995
[23:23:16] [Server thread/WARN]: .Sigmagiga4 moved too quickly! 10.073169999999976,1.2491799999999955,8.671043999999995
[23:23:16] [Server thread/WARN]: .Sigmagiga4 moved too quickly! 10.073169999999976,1.2491799999999955,8.671043999999995
[23:23:16] [Server thread/WARN]: .Sigmagiga4 moved too quickly! 10.073169999999976,1.2491799999999955,8.671043999999995
[23:23:16] [Server thread/WARN]: .Sigmagiga4 moved too quickly! 10.073169999999976,1.2491799999999955,8.671043999999995
[23:23:16] [Server thread/WARN]: .Sigmagiga4 moved too quickly! 10.073169999999976,1.2491799999999955,8.671043999999995
[23:23:16] [Server thread/WARN]: .Sigmagiga4 moved too quickly! 10.073169999999976,1.2491799999999955,8.671043999999995
[23:23:16] [Server thread/WARN]: .Sigmagiga4 moved too quickly! 10.073169999999976,1.2491799999999955,8.671043999999995
[23:23:16] [Server thread/WARN]: .Sigmagiga4 moved too quickly! 10.073169999999976,1.2491799999999955,8.671043999999995
[23:23:16] [Server thread/WARN]: .Sigmagiga4 moved too quickly! 10.073169999999976,1.2491799999999955,8.671043999999995
[23:23:16] [Server thread/WARN]: .Sigmagiga4 moved too quickly! 10.073169999999976,1.2491799999999955,8.671043999999995
[23:23:16] [Server thread/WARN]: .Sigmagiga4 moved too quickly! 10.073169999999976,1.2491799999999955,8.671043999999995
[23:23:16] [Server thread/WARN]: .Sigmagiga4 moved too quickly! 10.073169999999976,1.2491799999999955,8.671043999999995
[23:23:16] [Server thread/WARN]: .Sigmagiga4 moved too quickly! 10.073169999999976,1.2491799999999955,8.671043999999995
[23:23:16] [Server thread/WARN]: .Sigmagiga4 moved too quickly! 10.073169999999976,1.2491799999999955,8.671043999999995
[23:23:16] [Server thread/WARN]: .Sigmagiga4 moved too quickly! 10.073169999999976,1.2491799999999955,8.671043999999995
[23:23:16] [Server thread/WARN]: .Sigmagiga4 moved too quickly! 10.073169999999976,1.2491799999999955,8.671043999999995
[23:23:16] [Server thread/WARN]: .Sigmagiga4 moved too quickly! 10.073169999999976,1.2491799999999955,8.671043999999995
[23:23:16] [Server thread/WARN]: .Sigmagiga4 moved too quickly! 10.073169999999976,1.2491799999999955,8.671043999999995
[23:23:16] [Server thread/WARN]: .Sigmagiga4 moved too quickly! 10.073169999999976,1.2491799999999955,8.671043999999995
[23:23:16] [Server thread/WARN]: .Sigmagiga4 moved too quickly! 10.073169999999976,1.2491799999999955,8.671043999999995
[23:23:16] [Server thread/WARN]: .Sigmagiga4 moved too quickly! 10.073169999999976,1.2491799999999955,8.671043999999995
[23:23:16] [Server thread/WARN]: .Sigmagiga4 moved too quickly! 10.073169999999976,1.2491799999999955,8.671043999999995
[23:23:16] [Server thread/WARN]: .Sigmagiga4 moved too quickly! 10.073169999999976,1.2491799999999955,8.671043999999995
[23:23:16] [Server thread/WARN]: .Sigmagiga4 moved too quickly! 10.073169999999976,1.2491799999999955,8.671043999999995
[23:23:16] [Server thread/WARN]: .Sigmagiga4 moved too quickly! 10.073169999999976,1.2491799999999955,8.671043999999995
[23:23:16] [Server thread/WARN]: .Sigmagiga4 moved too quickly! 10.073169999999976,1.2491799999999955,8.671043999999995
[23:23:16] [Server thread/WARN]: .Sigmagiga4 moved too quickly! 10.073169999999976,1.2491799999999955,8.671043999999995
[23:23:16] [Server thread/WARN]: .Sigmagiga4 moved too quickly! 10.073169999999976,1.2491799999999955,8.671043999999995
[23:23:16] [Server thread/WARN]: .Sigmagiga4 moved too quickly! 10.073169999999976,1.2491799999999955,8.671043999999995
[23:23:16] [Server thread/WARN]: .Sigmagiga4 moved too quickly! 10.073169999999976,1.2491799999999955,8.671043999999995
[23:23:16] [Server thread/WARN]: .Sigmagiga4 moved too quickly! 10.073169999999976,1.2491799999999955,8.671043999999995
[23:23:16] [Server thread/WARN]: .Sigmagiga4 moved too quickly! 10.073169999999976,1.2491799999999955,8.671043999999995
[23:23:16] [Server thread/WARN]: .Sigmagiga4 moved too quickly! 10.073169999999976,1.2491799999999955,8.671043999999995
[23:23:16] [Server thread/WARN]: .Sigmagiga4 moved too quickly! 10.073169999999976,1.2491799999999955,8.671043999999995
[23:23:16] [Server thread/WARN]: .Sigmagiga4 moved too quickly! 10.073169999999976,1.2491799999999955,8.671043999999995
[23:23:16] [Server thread/WARN]: .Sigmagiga4 moved too quickly! 10.073169999999976,1.2491799999999955,8.671043999999995
[23:23:16] [Server thread/WARN]: .Sigmagiga4 moved too quickly! 10.073169999999976,1.2491799999999955,8.671043999999995
[23:23:16] [Server thread/WARN]: .Sigmagiga4 moved too quickly! 10.073169999999976,1.2491799999999955,8.671043999999995
[23:23:16] [Server thread/WARN]: .Sigmagiga4 moved too quickly! 10.073169999999976,1.2491799999999955,8.671043999999995
[23:23:16] [Server thread/WARN]: .Sigmagiga4 moved too quickly! 10.073169999999976,1.2491799999999955,8.671043999999995
[23:23:16] [Server thread/WARN]: .Sigmagiga4 moved too quickly! 10.073169999999976,1.2491799999999955,8.671043999999995
[23:23:16] [Server thread/WARN]: .Sigmagiga4 moved too quickly! 10.073169999999976,1.2491799999999955,8.671043999999995
[23:23:16] [Server thread/WARN]: .Sigmagiga4 moved too quickly! 10.073169999999976,1.2491799999999955,8.671043999999995
[23:23:16] [Server thread/WARN]: .Sigmagiga4 moved too quickly! 10.073169999999976,1.2491799999999955,8.671043999999995
[23:23:16] [Server thread/WARN]: .Sigmagiga4 moved too quickly! 10.073169999999976,1.2491799999999955,8.671043999999995
[23:23:16] [Server thread/WARN]: .Sigmagiga4 moved too quickly! 10.073169999999976,1.2491799999999955,8.671043999999995
[23:23:16] [Server thread/WARN]: .Sigmagiga4 moved too quickly! 10.073169999999976,1.2491799999999955,8.671043999999995
[23:23:16] [Server thread/WARN]: .Sigmagiga4 moved too quickly! 10.073169999999976,1.2491799999999955,8.671043999999995
[23:23:16] [Server thread/WARN]: .Sigmagiga4 moved too quickly! 10.073169999999976,1.2491799999999955,8.671043999999995
[23:23:16] [Server thread/WARN]: .Sigmagiga4 moved too quickly! 10.073169999999976,1.2491799999999955,8.671043999999995
[23:23:16] [Server thread/WARN]: .Sigmagiga4 moved too quickly! 10.073169999999976,1.2491799999999955,8.671043999999995
[23:23:16] [Server thread/WARN]: .Sigmagiga4 moved too quickly! 10.073169999999976,1.2491799999999955,8.671043999999995
[23:23:16] [Server thread/WARN]: .Sigmagiga4 moved too quickly! 10.073169999999976,1.2491799999999955,8.671043999999995
[23:23:16] [Server thread/WARN]: .Sigmagiga4 moved too quickly! 10.073169999999976,1.2491799999999955,8.671043999999995
[23:23:16] [Server thread/WARN]: .Sigmagiga4 moved too quickly! 10.073169999999976,1.2491799999999955,8.671043999999995
[23:23:16] [Server thread/WARN]: .Sigmagiga4 moved too quickly! 10.073169999999976,1.2491799999999955,8.671043999999995
[23:23:16] [Server thread/WARN]: .Sigmagiga4 moved too quickly! 10.073169999999976,1.2491799999999955,8.671043999999995
[23:23:16] [Server thread/WARN]: .Sigmagiga4 moved too quickly! 10.073169999999976,1.2491799999999955,8.671043999999995
[23:23:16] [Server thread/WARN]: .Sigmagiga4 moved too quickly! 10.073169999999976,1.2491799999999955,8.671043999999995
[23:23:16] [Server thread/WARN]: .Sigmagiga4 moved too quickly! 10.073169999999976,1.2491799999999955,8.671043999999995
[23:23:16] [Server thread/WARN]: .Sigmagiga4 moved too quickly! 10.073169999999976,1.2491799999999955,8.671043999999995
[23:23:16] [Server thread/WARN]: .Sigmagiga4 moved too quickly! 10.073169999999976,1.2491799999999955,8.671043999999995
[23:23:16] [Server thread/WARN]: .Sigmagiga4 moved too quickly! 10.073169999999976,1.2491799999999955,8.671043999999995
[23:23:16] [Server thread/WARN]: .Sigmagiga4 moved too quickly! 10.073169999999976,1.2491799999999955,8.671043999999995
[23:23:16] [Server thread/WARN]: .Sigmagiga4 moved too quickly! 10.073169999999976,1.2491799999999955,8.671043999999995
[23:23:16] [Server thread/WARN]: .Sigmagiga4 moved too quickly! 10.073169999999976,1.2491799999999955,8.671043999999995
[23:23:16] [Server thread/WARN]: .Sigmagiga4 moved too quickly! 10.073169999999976,1.2491799999999955,8.671043999999995
[23:23:16] [Server thread/WARN]: .Sigmagiga4 moved too quickly! 10.073169999999976,1.2491799999999955,8.671043999999995
[23:23:16] [Server thread/WARN]: .Sigmagiga4 moved too quickly! 10.073169999999976,1.2491799999999955,8.671043999999995
[23:23:16] [Server thread/WARN]: .Sigmagiga4 moved too quickly! 10.073169999999976,1.2491799999999955,8.671043999999995
[23:23:16] [Server thread/WARN]: .Sigmagiga4 moved too quickly! 10.073169999999976,1.2491799999999955,8.671043999999995
[23:23:16] [Server thread/WARN]: .Sigmagiga4 moved too quickly! 10.073169999999976,1.2491799999999955,8.671043999999995
[23:23:16] [Server thread/WARN]: .Sigmagiga4 moved too quickly! 10.073169999999976,1.2491799999999955,8.671043999999995
[23:23:16] [Server thread/WARN]: .Sigmagiga4 moved too quickly! 10.073169999999976,1.2491799999999955,8.671043999999995
[23:23:16] [Server thread/WARN]: .Sigmagiga4 moved too quickly! 10.073169999999976,1.2491799999999955,8.671043999999995
[23:23:16] [Server thread/WARN]: .Sigmagiga4 moved too quickly! 10.073169999999976,1.2491799999999955,8.671043999999995
[23:23:16] [Server thread/WARN]: .Sigmagiga4 moved too quickly! 10.073169999999976,1.2491799999999955,8.671043999999995
[23:24:14] [Server thread/INFO]: Betoven has made the advancement [Sweet Dreams]
[23:25:18] [Server thread/WARN]: .Sigmagiga4 moved too quickly! 0.7241199999999992,-5.0,8.685280000000006
[23:29:37] [Server thread/INFO]: Betoven has made the advancement [Acquire Hardware]
[23:30:04] [Server thread/INFO]: Betoven has made the advancement [Isn't It Iron Pick]
[23:31:37] [Server thread/INFO]: Betoven has made the advancement [Not Today, Thank You]
[23:34:20] [localSession-7-1/INFO]: [Geyser-Spigot] Sigmagiga4 has disconnected from the Java server because of Bedrock client timed out
[23:34:20] [Geyser Spigot connection thread-6-2/INFO]: [floodgate] Floodgate player logged in as .Sigmagiga4 disconnected
[23:34:20] [Server thread/INFO]: .Sigmagiga4 lost connection: Disconnected
[23:34:20] [Server thread/INFO]: .Sigmagiga4 left the game
[23:34:53] [epollEventLoopGroup-4-2/INFO]: [Geyser-Spigot] Player connected with username Sigmagiga4
[23:34:53] [localSession-7-2/INFO]: [Geyser-Spigot] Sigmagiga4 (logged in as: Sigmagiga4) has connected to the Java server
[23:34:53] [Server thread/INFO]: [floodgate] Floodgate player logged in as .Sigmagiga4 joined (UUID: 00000000-0000-0000-0009-01fb654cf42b)
[23:34:53] [Server thread/INFO]: .Sigmagiga4 joined the game
[23:34:53] [Server thread/INFO]: .Sigmagiga4[/127.0.0.1:0] logged in with entity id 5220 at ([world]387.92883, 118.0, -92.54859)
[23:36:15] [Server thread/INFO]: .Sigmagiga4 was shot by Skeleton
[23:37:07] [Server thread/INFO]: .Sigmagiga4 has made the advancement [Minecraft: Trial(s) Edition]
[23:37:21] [Geyser Spigot connection thread-6-3/INFO]: [floodgate] Floodgate player logged in as .Sigmagiga4 disconnected
[23:37:21] [localSession-7-2/INFO]: [Geyser-Spigot] Sigmagiga4 has disconnected from the Java server because of Bedrock client timed out
[23:37:21] [Server thread/INFO]: .Sigmagiga4 lost connection: Disconnected
[23:37:21] [Server thread/INFO]: .Sigmagiga4 left the game
[23:37:51] [epollEventLoopGroup-4-3/INFO]: [Geyser-Spigot] Player connected with username Sigmagiga4
[23:37:51] [localSession-7-3/INFO]: [Geyser-Spigot] Sigmagiga4 (logged in as: Sigmagiga4) has connected to the Java server
[23:37:51] [Server thread/INFO]: [floodgate] Floodgate player logged in as .Sigmagiga4 joined (UUID: 00000000-0000-0000-0009-01fb654cf42b)
[23:37:51] [Server thread/INFO]: .Sigmagiga4 joined the game
[23:37:51] [Server thread/INFO]: .Sigmagiga4[/127.0.0.1:0] logged in with entity id 6141 at ([world]22.269062, -22.57499, 128.613)
[23:38:20] [Server thread/INFO]: Set .Sigmagiga4's game mode to Survival Mode
[23:38:26] [Server thread/WARN]: .Sigmagiga4 moved too quickly! 6.905999999999999,-1.4250100000000003,-7.3104900000000015
[23:38:29] [Server thread/INFO]: Betoven has made the advancement [Suit Up]
[23:39:03] [Server thread/INFO]: The difficulty did not change; it is already set to hard
[23:39:17] [Server thread/INFO]: .Sigmagiga4 was slain by Husk
[23:39:17] [Server thread/INFO]: Made Betoven a server operator
[23:39:22] [localSession-7-3/INFO]: [Geyser-Spigot] Sigmagiga4 has disconnected from the Java server because of Bedrock client timed out
[23:39:22] [Geyser Spigot connection thread-6-4/INFO]: [floodgate] Floodgate player logged in as .Sigmagiga4 disconnected
[23:39:22] [Server thread/INFO]: .Sigmagiga4 lost connection: Disconnected
[23:39:22] [Server thread/INFO]: .Sigmagiga4 left the game
[23:39:28] [Server thread/INFO]: Betoven issued server command: /difficulty hard
[23:39:35] [Server thread/INFO]: Betoven issued server command: /gamemode survival
[23:39:43] [Server thread/INFO]: Betoven issued server command: /difficulty normal
[23:39:43] [Server thread/INFO]: [Betoven: The difficulty has been set to Normal]
[23:39:51] [epollEventLoopGroup-4-4/INFO]: [Geyser-Spigot] Player connected with username Sigmagiga4
[23:39:51] [localSession-7-4/INFO]: [Geyser-Spigot] Sigmagiga4 (logged in as: Sigmagiga4) has connected to the Java server
[23:39:52] [Server thread/INFO]: [floodgate] Floodgate player logged in as .Sigmagiga4 joined (UUID: 00000000-0000-0000-0009-01fb654cf42b)
[23:39:52] [Server thread/INFO]: .Sigmagiga4 joined the game
[23:39:52] [Server thread/INFO]: .Sigmagiga4[/127.0.0.1:0] logged in with entity id 6665 at ([world]30.246529, -24.0, 122.6142)
[23:39:54] [Server thread/INFO]: Betoven lost connection: Disconnected
[23:39:54] [Server thread/INFO]: Betoven left the game
[23:40:04] [Geyser Spigot connection thread-6-1/INFO]: [floodgate] Floodgate player logged in as .Sigmagiga4 disconnected
[23:40:04] [localSession-7-4/INFO]: [Geyser-Spigot] Sigmagiga4 has disconnected from the Java server because of Bedrock client disconnected
[23:40:04] [Server thread/INFO]: .Sigmagiga4 lost connection: Disconnected
[23:40:04] [Server thread/INFO]: .Sigmagiga4 left the game
